This is pdfTeX, Version 3.141592653-2.6-1.40.26 (TeX Live 2024) (preloaded format=pdflatex 2025.1.15)  18 JAN 2025 19:24
entering extended mode
 restricted \write18 enabled.
 %&-line parsing enabled.
**Caso-Práctico-311-Protocolo-de-Investigación.tex
(./Caso-Práctico-311-Protocolo-de-Investigación.tex
LaTeX2e <2024-11-01> patch level 1
L3 programming layer <2024-12-25>
(c:/Users/ferna/AppData/Roaming/TinyTeX/texmf-dist/tex/latex/base/article.cls
Document Class: article 2024/06/29 v1.4n Standard LaTeX document class
(c:/Users/ferna/AppData/Roaming/TinyTeX/texmf-dist/tex/latex/base/size10.clo
File: size10.clo 2024/06/29 v1.4n Standard LaTeX file (size option)
)
\c@part=\count196
\c@section=\count197
\c@subsection=\count198
\c@subsubsection=\count199
\c@paragraph=\count266
\c@subparagraph=\count267
\c@figure=\count268
\c@table=\count269
\abovecaptionskip=\skip49
\belowcaptionskip=\skip50
\bibindent=\dimen141
) (c:/Users/ferna/AppData/Roaming/TinyTeX/texmf-dist/tex/latex/amsmath/amsmath.sty
Package: amsmath 2024/11/05 v2.17t AMS math features
\@mathmargin=\skip51
For additional information on amsmath, use the `?' option.
(c:/Users/ferna/AppData/Roaming/TinyTeX/texmf-dist/tex/latex/amsmath/amstext.sty
Package: amstext 2021/08/26 v2.01 AMS text
(c:/Users/ferna/AppData/Roaming/TinyTeX/texmf-dist/tex/latex/amsmath/amsgen.sty
File: amsgen.sty 1999/11/30 v2.0 generic functions
\@emptytoks=\toks17
\ex@=\dimen142
)) (c:/Users/ferna/AppData/Roaming/TinyTeX/texmf-dist/tex/latex/amsmath/amsbsy.sty
Package: amsbsy 1999/11/29 v1.2d Bold Symbols
\pmbraise@=\dimen143
) (c:/Users/ferna/AppData/Roaming/TinyTeX/texmf-dist/tex/latex/amsmath/amsopn.sty
Package: amsopn 2022/04/08 v2.04 operator names
)
\inf@bad=\count270
LaTeX Info: Redefining \frac on input line 233.
\uproot@=\count271
\leftroot@=\count272
LaTeX Info: Redefining \overline on input line 398.
LaTeX Info: Redefining \colon on input line 409.
\classnum@=\count273
\DOTSCASE@=\count274
LaTeX Info: Redefining \ldots on input line 495.
LaTeX Info: Redefining \dots on input line 498.
LaTeX Info: Redefining \cdots on input line 619.
\Mathstrutbox@=\box52
\strutbox@=\box53
LaTeX Info: Redefining \big on input line 721.
LaTeX Info: Redefining \Big on input line 722.
LaTeX Info: Redefining \bigg on input line 723.
LaTeX Info: Redefining \Bigg on input line 724.
\big@size=\dimen144
LaTeX Font Info:    Redeclaring font encoding OML on input line 742.
LaTeX Font Info:    Redeclaring font encoding OMS on input line 743.
\macc@depth=\count275
LaTeX Info: Redefining \bmod on input line 904.
LaTeX Info: Redefining \pmod on input line 909.
LaTeX Info: Redefining \smash on input line 939.
LaTeX Info: Redefining \relbar on input line 969.
LaTeX Info: Redefining \Relbar on input line 970.
\c@MaxMatrixCols=\count276
\dotsspace@=\muskip17
\c@parentequation=\count277
\dspbrk@lvl=\count278
\tag@help=\toks18
\row@=\count279
\column@=\count280
\maxfields@=\count281
\andhelp@=\toks19
\eqnshift@=\dimen145
\alignsep@=\dimen146
\tagshift@=\dimen147
\tagwidth@=\dimen148
\totwidth@=\dimen149
\lineht@=\dimen150
\@envbody=\toks20
\multlinegap=\skip52
\multlinetaggap=\skip53
\mathdisplay@stack=\toks21
LaTeX Info: Redefining \[ on input line 2953.
LaTeX Info: Redefining \] on input line 2954.
) (c:/Users/ferna/AppData/Roaming/TinyTeX/texmf-dist/tex/latex/amsfonts/amssymb.sty
Package: amssymb 2013/01/14 v3.01 AMS font symbols
(c:/Users/ferna/AppData/Roaming/TinyTeX/texmf-dist/tex/latex/amsfonts/amsfonts.sty
Package: amsfonts 2013/01/14 v3.01 Basic AMSFonts support
\symAMSa=\mathgroup4
\symAMSb=\mathgroup5
LaTeX Font Info:    Redeclaring math symbol \hbar on input line 98.
LaTeX Font Info:    Overwriting math alphabet `\mathfrak' in version `bold'
(Font)                  U/euf/m/n --> U/euf/b/n on input line 106.
)) (c:/Users/ferna/AppData/Roaming/TinyTeX/texmf-dist/tex/latex/setspace/setspace.sty
Package: setspace 2022/12/04 v6.7b set line spacing
) (c:/Users/ferna/AppData/Roaming/TinyTeX/texmf-dist/tex/generic/iftex/iftex.sty
Package: iftex 2024/12/12 v1.0g TeX engine tests
) (c:/Users/ferna/AppData/Roaming/TinyTeX/texmf-dist/tex/latex/base/fontenc.sty
Package: fontenc 2021/04/29 v2.0v Standard LaTeX package
) (c:/Users/ferna/AppData/Roaming/TinyTeX/texmf-dist/tex/latex/base/inputenc.sty
Package: inputenc 2024/02/08 v1.3d Input encoding file
\inpenc@prehook=\toks22
\inpenc@posthook=\toks23
) (c:/Users/ferna/AppData/Roaming/TinyTeX/texmf-dist/tex/latex/base/textcomp.sty
Package: textcomp 2024/04/24 v2.1b Standard LaTeX package
) (c:/Users/ferna/AppData/Roaming/TinyTeX/texmf-dist/tex/latex/lm/lmodern.sty
Package: lmodern 2015/05/01 v1.6.1 Latin Modern Fonts
LaTeX Font Info:    Overwriting symbol font `operators' in version `normal'
(Font)                  OT1/cmr/m/n --> OT1/lmr/m/n on input line 22.
LaTeX Font Info:    Overwriting symbol font `letters' in version `normal'
(Font)                  OML/cmm/m/it --> OML/lmm/m/it on input line 23.
LaTeX Font Info:    Overwriting symbol font `symbols' in version `normal'
(Font)                  OMS/cmsy/m/n --> OMS/lmsy/m/n on input line 24.
LaTeX Font Info:    Overwriting symbol font `largesymbols' in version `normal'
(Font)                  OMX/cmex/m/n --> OMX/lmex/m/n on input line 25.
LaTeX Font Info:    Overwriting symbol font `operators' in version `bold'
(Font)                  OT1/cmr/bx/n --> OT1/lmr/bx/n on input line 26.
LaTeX Font Info:    Overwriting symbol font `letters' in version `bold'
(Font)                  OML/cmm/b/it --> OML/lmm/b/it on input line 27.
LaTeX Font Info:    Overwriting symbol font `symbols' in version `bold'
(Font)                  OMS/cmsy/b/n --> OMS/lmsy/b/n on input line 28.
LaTeX Font Info:    Overwriting symbol font `largesymbols' in version `bold'
(Font)                  OMX/cmex/m/n --> OMX/lmex/m/n on input line 29.
LaTeX Font Info:    Overwriting math alphabet `\mathbf' in version `normal'
(Font)                  OT1/cmr/bx/n --> OT1/lmr/bx/n on input line 31.
LaTeX Font Info:    Overwriting math alphabet `\mathsf' in version `normal'
(Font)                  OT1/cmss/m/n --> OT1/lmss/m/n on input line 32.
LaTeX Font Info:    Overwriting math alphabet `\mathit' in version `normal'
(Font)                  OT1/cmr/m/it --> OT1/lmr/m/it on input line 33.
LaTeX Font Info:    Overwriting math alphabet `\mathtt' in version `normal'
(Font)                  OT1/cmtt/m/n --> OT1/lmtt/m/n on input line 34.
LaTeX Font Info:    Overwriting math alphabet `\mathbf' in version `bold'
(Font)                  OT1/cmr/bx/n --> OT1/lmr/bx/n on input line 35.
LaTeX Font Info:    Overwriting math alphabet `\mathsf' in version `bold'
(Font)                  OT1/cmss/bx/n --> OT1/lmss/bx/n on input line 36.
LaTeX Font Info:    Overwriting math alphabet `\mathit' in version `bold'
(Font)                  OT1/cmr/bx/it --> OT1/lmr/bx/it on input line 37.
LaTeX Font Info:    Overwriting math alphabet `\mathtt' in version `bold'
(Font)                  OT1/cmtt/m/n --> OT1/lmtt/m/n on input line 38.
) (c:/Users/ferna/AppData/Roaming/TinyTeX/texmf-dist/tex/latex/xcolor/xcolor.sty
Package: xcolor 2024/09/29 v3.02 LaTeX color extensions (UK)
(c:/Users/ferna/AppData/Roaming/TinyTeX/texmf-dist/tex/latex/graphics-cfg/color.cfg
File: color.cfg 2016/01/02 v1.6 sample color configuration
)
Package xcolor Info: Driver file: pdftex.def on input line 274.
(c:/Users/ferna/AppData/Roaming/TinyTeX/texmf-dist/tex/latex/graphics-def/pdftex.def
File: pdftex.def 2024/04/13 v1.2c Graphics/color driver for pdftex
) (c:/Users/ferna/AppData/Roaming/TinyTeX/texmf-dist/tex/latex/graphics/mathcolor.ltx)
Package xcolor Info: Model `cmy' substituted by `cmy0' on input line 1349.
Package xcolor Info: Model `hsb' substituted by `rgb' on input line 1353.
Package xcolor Info: Model `RGB' extended on input line 1365.
Package xcolor Info: Model `HTML' substituted by `rgb' on input line 1367.
Package xcolor Info: Model `Hsb' substituted by `hsb' on input line 1368.
Package xcolor Info: Model `tHsb' substituted by `hsb' on input line 1369.
Package xcolor Info: Model `HSB' substituted by `hsb' on input line 1370.
Package xcolor Info: Model `Gray' substituted by `gray' on input line 1371.
Package xcolor Info: Model `wave' substituted by `hsb' on input line 1372.
) (c:/Users/ferna/AppData/Roaming/TinyTeX/texmf-dist/tex/latex/geometry/geometry.sty
Package: geometry 2020/01/02 v5.9 Page Geometry
(c:/Users/ferna/AppData/Roaming/TinyTeX/texmf-dist/tex/latex/graphics/keyval.sty
Package: keyval 2022/05/29 v1.15 key=value parser (DPC)
\KV@toks@=\toks24
) (c:/Users/ferna/AppData/Roaming/TinyTeX/texmf-dist/tex/generic/iftex/ifvtex.sty
Package: ifvtex 2019/10/25 v1.7 ifvtex legacy package. Use iftex instead.
)
\Gm@cnth=\count282
\Gm@cntv=\count283
\c@Gm@tempcnt=\count284
\Gm@bindingoffset=\dimen151
\Gm@wd@mp=\dimen152
\Gm@odd@mp=\dimen153
\Gm@even@mp=\dimen154
\Gm@layoutwidth=\dimen155
\Gm@layoutheight=\dimen156
\Gm@layouthoffset=\dimen157
\Gm@layoutvoffset=\dimen158
\Gm@dimlist=\toks25
) (c:/Users/ferna/AppData/Roaming/TinyTeX/texmf-dist/tex/latex/graphics/graphicx.sty
Package: graphicx 2021/09/16 v1.2d Enhanced LaTeX Graphics (DPC,SPQR)
(c:/Users/ferna/AppData/Roaming/TinyTeX/texmf-dist/tex/latex/graphics/graphics.sty
Package: graphics 2024/08/06 v1.4g Standard LaTeX Graphics (DPC,SPQR)
(c:/Users/ferna/AppData/Roaming/TinyTeX/texmf-dist/tex/latex/graphics/trig.sty
Package: trig 2023/12/02 v1.11 sin cos tan (DPC)
) (c:/Users/ferna/AppData/Roaming/TinyTeX/texmf-dist/tex/latex/graphics-cfg/graphics.cfg
File: graphics.cfg 2016/06/04 v1.11 sample graphics configuration
)
Package graphics Info: Driver file: pdftex.def on input line 106.
)
\Gin@req@height=\dimen159
\Gin@req@width=\dimen160
)
\cslhangindent=\skip54
\csllabelwidth=\skip55
(c:/Users/ferna/AppData/Roaming/TinyTeX/texmf-dist/tex/latex/tools/calc.sty
Package: calc 2023/07/08 v4.3 Infix arithmetic (KKT,FJ)
\calc@Acount=\count285
\calc@Bcount=\count286
\calc@Adimen=\dimen161
\calc@Bdimen=\dimen162
\calc@Askip=\skip56
\calc@Bskip=\skip57
LaTeX Info: Redefining \setlength on input line 80.
LaTeX Info: Redefining \addtolength on input line 81.
\calc@Ccount=\count287
\calc@Cskip=\skip58
) (c:/Users/ferna/AppData/Roaming/TinyTeX/texmf-dist/tex/latex/fancyhdr/fancyhdr.sty
Package: fancyhdr 2025/01/07 v5.1.1 Extensive control of page headers and footers
\f@nch@headwidth=\skip59
\f@nch@offset@elh=\skip60
\f@nch@offset@erh=\skip61
\f@nch@offset@olh=\skip62
\f@nch@offset@orh=\skip63
\f@nch@offset@elf=\skip64
\f@nch@offset@erf=\skip65
\f@nch@offset@olf=\skip66
\f@nch@offset@orf=\skip67
\f@nch@height=\skip68
\f@nch@footalignment=\skip69
\f@nch@widthL=\skip70
\f@nch@widthC=\skip71
\f@nch@widthR=\skip72
\@temptokenb=\toks26
) (c:/Users/ferna/AppData/Roaming/TinyTeX/texmf-dist/tex/generic/babel/babel.sty
Package: babel 2025/01/01 v25.1 The multilingual framework for pdfLaTeX, LuaLaTeX and XeLaTeX
\babel@savecnt=\count288
\U@D=\dimen163
\l@unhyphenated=\language6
(c:/Users/ferna/AppData/Roaming/TinyTeX/texmf-dist/tex/generic/babel/txtbabel.def)
\bbl@readstream=\read2
\bbl@dirlevel=\count289
(c:/Users/ferna/AppData/Roaming/TinyTeX/texmf-dist/tex/generic/babel-spanish/spanish.ldf
Language: spanish.ldf 2021/05/27 v5.0q Spanish support from the babel system
\es@quottoks=\toks27
\es@quotdepth=\count290
Package babel Info: Making " an active character on input line 570.
Package babel Info: Making . an active character on input line 675.
Package babel Info: Making < an active character on input line 722.
Package babel Info: Making > an active character on input line 722.
)) (c:/Users/ferna/AppData/Roaming/TinyTeX/texmf-dist/tex/generic/babel/locale/es/babel-spanish.tex
Package babel Info: Importing font and identification data for spanish
(babel)             from babel-es.ini. Reported on input line 11.
) (c:/Users/ferna/AppData/Roaming/TinyTeX/texmf-dist/tex/latex/float/float.sty
Package: float 2001/11/08 v1.3d Float enhancements (AL)
\c@float@type=\count291
\float@exts=\toks28
\float@box=\box54
\@float@everytoks=\toks29
\@floatcapt=\box55
) (c:/Users/ferna/AppData/Roaming/TinyTeX/texmf-dist/tex/latex/newfloat/newfloat.sty
Package: newfloat 2023/10/01 v1.2 Defining new floating environments (AR)
)
Package newfloat Info: New float `gráfica' with options `fileext=loq' on input line 96.
\c@gráfica=\count292
Package newfloat Info: float type `gráfica'=4 on input line 96.
(c:/Users/ferna/AppData/Roaming/TinyTeX/texmf-dist/tex/latex/psnfss/helvet.sty
Package: helvet 2020/03/25 PSNFSS-v9.3 (WaS) 
) (c:/Users/ferna/AppData/Roaming/TinyTeX/texmf-dist/tex/latex/pgf/frontendlayer/tikz.sty (c:/Users/ferna/AppData/Roaming/TinyTeX/texmf-dist/tex/latex/pgf/basiclayer/pgf.sty (c:/Users/ferna/AppData/Roaming/TinyTeX/texmf-dist/tex/latex/pgf/utilities/pgfrcs.sty (c:/Users/ferna/AppData/Roaming/TinyTeX/texmf-dist/tex/generic/pgf/utilities/pgfutil-common.tex
\pgfutil@everybye=\toks30
\pgfutil@tempdima=\dimen164
\pgfutil@tempdimb=\dimen165
) (c:/Users/ferna/AppData/Roaming/TinyTeX/texmf-dist/tex/generic/pgf/utilities/pgfutil-latex.def
\pgfutil@abb=\box56
) (c:/Users/ferna/AppData/Roaming/TinyTeX/texmf-dist/tex/generic/pgf/utilities/pgfrcs.code.tex (c:/Users/ferna/AppData/Roaming/TinyTeX/texmf-dist/tex/generic/pgf/pgf.revision.tex)
Package: pgfrcs 2023-01-15 v3.1.10 (3.1.10)
))
Package: pgf 2023-01-15 v3.1.10 (3.1.10)
(c:/Users/ferna/AppData/Roaming/TinyTeX/texmf-dist/tex/latex/pgf/basiclayer/pgfcore.sty (c:/Users/ferna/AppData/Roaming/TinyTeX/texmf-dist/tex/latex/pgf/systemlayer/pgfsys.sty (c:/Users/ferna/AppData/Roaming/TinyTeX/texmf-dist/tex/generic/pgf/systemlayer/pgfsys.code.tex
Package: pgfsys 2023-01-15 v3.1.10 (3.1.10)
(c:/Users/ferna/AppData/Roaming/TinyTeX/texmf-dist/tex/generic/pgf/utilities/pgfkeys.code.tex
\pgfkeys@pathtoks=\toks31
\pgfkeys@temptoks=\toks32
(c:/Users/ferna/AppData/Roaming/TinyTeX/texmf-dist/tex/generic/pgf/utilities/pgfkeyslibraryfiltered.code.tex
\pgfkeys@tmptoks=\toks33
))
\pgf@x=\dimen166
\pgf@y=\dimen167
\pgf@xa=\dimen168
\pgf@ya=\dimen169
\pgf@xb=\dimen170
\pgf@yb=\dimen171
\pgf@xc=\dimen172
\pgf@yc=\dimen173
\pgf@xd=\dimen174
\pgf@yd=\dimen175
\w@pgf@writea=\write3
\r@pgf@reada=\read3
\c@pgf@counta=\count293
\c@pgf@countb=\count294
\c@pgf@countc=\count295
\c@pgf@countd=\count296
\t@pgf@toka=\toks34
\t@pgf@tokb=\toks35
\t@pgf@tokc=\toks36
\pgf@sys@id@count=\count297
(c:/Users/ferna/AppData/Roaming/TinyTeX/texmf-dist/tex/generic/pgf/systemlayer/pgf.cfg
File: pgf.cfg 2023-01-15 v3.1.10 (3.1.10)
)
Driver file for pgf: pgfsys-pdftex.def
(c:/Users/ferna/AppData/Roaming/TinyTeX/texmf-dist/tex/generic/pgf/systemlayer/pgfsys-pdftex.def
File: pgfsys-pdftex.def 2023-01-15 v3.1.10 (3.1.10)
(c:/Users/ferna/AppData/Roaming/TinyTeX/texmf-dist/tex/generic/pgf/systemlayer/pgfsys-common-pdf.def
File: pgfsys-common-pdf.def 2023-01-15 v3.1.10 (3.1.10)
))) (c:/Users/ferna/AppData/Roaming/TinyTeX/texmf-dist/tex/generic/pgf/systemlayer/pgfsyssoftpath.code.tex
File: pgfsyssoftpath.code.tex 2023-01-15 v3.1.10 (3.1.10)
\pgfsyssoftpath@smallbuffer@items=\count298
\pgfsyssoftpath@bigbuffer@items=\count299
) (c:/Users/ferna/AppData/Roaming/TinyTeX/texmf-dist/tex/generic/pgf/systemlayer/pgfsysprotocol.code.tex
File: pgfsysprotocol.code.tex 2023-01-15 v3.1.10 (3.1.10)
)) (c:/Users/ferna/AppData/Roaming/TinyTeX/texmf-dist/tex/generic/pgf/basiclayer/pgfcore.code.tex
Package: pgfcore 2023-01-15 v3.1.10 (3.1.10)
(c:/Users/ferna/AppData/Roaming/TinyTeX/texmf-dist/tex/generic/pgf/math/pgfmath.code.tex (c:/Users/ferna/AppData/Roaming/TinyTeX/texmf-dist/tex/generic/pgf/math/pgfmathutil.code.tex) (c:/Users/ferna/AppData/Roaming/TinyTeX/texmf-dist/tex/generic/pgf/math/pgfmathparser.code.tex
\pgfmath@dimen=\dimen176
\pgfmath@count=\count300
\pgfmath@box=\box57
\pgfmath@toks=\toks37
\pgfmath@stack@operand=\toks38
\pgfmath@stack@operation=\toks39
) (c:/Users/ferna/AppData/Roaming/TinyTeX/texmf-dist/tex/generic/pgf/math/pgfmathfunctions.code.tex) (c:/Users/ferna/AppData/Roaming/TinyTeX/texmf-dist/tex/generic/pgf/math/pgfmathfunctions.basic.code.tex) (c:/Users/ferna/AppData/Roaming/TinyTeX/texmf-dist/tex/generic/pgf/math/pgfmathfunctions.trigonometric.code.tex) (c:/Users/ferna/AppData/Roaming/TinyTeX/texmf-dist/tex/generic/pgf/math/pgfmathfunctions.random.code.tex) (c:/Users/ferna/AppData/Roaming/TinyTeX/texmf-dist/tex/generic/pgf/math/pgfmathfunctions.comparison.code.tex) (c:/Users/ferna/AppData/Roaming/TinyTeX/texmf-dist/tex/generic/pgf/math/pgfmathfunctions.base.code.tex) (c:/Users/ferna/AppData/Roaming/TinyTeX/texmf-dist/tex/generic/pgf/math/pgfmathfunctions.round.code.tex) (c:/Users/ferna/AppData/Roaming/TinyTeX/texmf-dist/tex/generic/pgf/math/pgfmathfunctions.misc.code.tex) (c:/Users/ferna/AppData/Roaming/TinyTeX/texmf-dist/tex/generic/pgf/math/pgfmathfunctions.integerarithmetics.code.tex) (c:/Users/ferna/AppData/Roaming/TinyTeX/texmf-dist/tex/generic/pgf/math/pgfmathcalc.code.tex) (c:/Users/ferna/AppData/Roaming/TinyTeX/texmf-dist/tex/generic/pgf/math/pgfmathfloat.code.tex
\c@pgfmathroundto@lastzeros=\count301
)) (c:/Users/ferna/AppData/Roaming/TinyTeX/texmf-dist/tex/generic/pgf/math/pgfint.code.tex) (c:/Users/ferna/AppData/Roaming/TinyTeX/texmf-dist/tex/generic/pgf/basiclayer/pgfcorepoints.code.tex
File: pgfcorepoints.code.tex 2023-01-15 v3.1.10 (3.1.10)
\pgf@picminx=\dimen177
\pgf@picmaxx=\dimen178
\pgf@picminy=\dimen179
\pgf@picmaxy=\dimen180
\pgf@pathminx=\dimen181
\pgf@pathmaxx=\dimen182
\pgf@pathminy=\dimen183
\pgf@pathmaxy=\dimen184
\pgf@xx=\dimen185
\pgf@xy=\dimen186
\pgf@yx=\dimen187
\pgf@yy=\dimen188
\pgf@zx=\dimen189
\pgf@zy=\dimen190
) (c:/Users/ferna/AppData/Roaming/TinyTeX/texmf-dist/tex/generic/pgf/basiclayer/pgfcorepathconstruct.code.tex
File: pgfcorepathconstruct.code.tex 2023-01-15 v3.1.10 (3.1.10)
\pgf@path@lastx=\dimen191
\pgf@path@lasty=\dimen192
) (c:/Users/ferna/AppData/Roaming/TinyTeX/texmf-dist/tex/generic/pgf/basiclayer/pgfcorepathusage.code.tex
File: pgfcorepathusage.code.tex 2023-01-15 v3.1.10 (3.1.10)
\pgf@shorten@end@additional=\dimen193
\pgf@shorten@start@additional=\dimen194
) (c:/Users/ferna/AppData/Roaming/TinyTeX/texmf-dist/tex/generic/pgf/basiclayer/pgfcorescopes.code.tex
File: pgfcorescopes.code.tex 2023-01-15 v3.1.10 (3.1.10)
\pgfpic=\box58
\pgf@hbox=\box59
\pgf@layerbox@main=\box60
\pgf@picture@serial@count=\count302
) (c:/Users/ferna/AppData/Roaming/TinyTeX/texmf-dist/tex/generic/pgf/basiclayer/pgfcoregraphicstate.code.tex
File: pgfcoregraphicstate.code.tex 2023-01-15 v3.1.10 (3.1.10)
\pgflinewidth=\dimen195
) (c:/Users/ferna/AppData/Roaming/TinyTeX/texmf-dist/tex/generic/pgf/basiclayer/pgfcoretransformations.code.tex
File: pgfcoretransformations.code.tex 2023-01-15 v3.1.10 (3.1.10)
\pgf@pt@x=\dimen196
\pgf@pt@y=\dimen197
\pgf@pt@temp=\dimen198
) (c:/Users/ferna/AppData/Roaming/TinyTeX/texmf-dist/tex/generic/pgf/basiclayer/pgfcorequick.code.tex
File: pgfcorequick.code.tex 2023-01-15 v3.1.10 (3.1.10)
) (c:/Users/ferna/AppData/Roaming/TinyTeX/texmf-dist/tex/generic/pgf/basiclayer/pgfcoreobjects.code.tex
File: pgfcoreobjects.code.tex 2023-01-15 v3.1.10 (3.1.10)
) (c:/Users/ferna/AppData/Roaming/TinyTeX/texmf-dist/tex/generic/pgf/basiclayer/pgfcorepathprocessing.code.tex
File: pgfcorepathprocessing.code.tex 2023-01-15 v3.1.10 (3.1.10)
) (c:/Users/ferna/AppData/Roaming/TinyTeX/texmf-dist/tex/generic/pgf/basiclayer/pgfcorearrows.code.tex
File: pgfcorearrows.code.tex 2023-01-15 v3.1.10 (3.1.10)
\pgfarrowsep=\dimen199
) (c:/Users/ferna/AppData/Roaming/TinyTeX/texmf-dist/tex/generic/pgf/basiclayer/pgfcoreshade.code.tex
File: pgfcoreshade.code.tex 2023-01-15 v3.1.10 (3.1.10)
\pgf@max=\dimen256
\pgf@sys@shading@range@num=\count303
\pgf@shadingcount=\count304
) (c:/Users/ferna/AppData/Roaming/TinyTeX/texmf-dist/tex/generic/pgf/basiclayer/pgfcoreimage.code.tex
File: pgfcoreimage.code.tex 2023-01-15 v3.1.10 (3.1.10)
) (c:/Users/ferna/AppData/Roaming/TinyTeX/texmf-dist/tex/generic/pgf/basiclayer/pgfcoreexternal.code.tex
File: pgfcoreexternal.code.tex 2023-01-15 v3.1.10 (3.1.10)
\pgfexternal@startupbox=\box61
) (c:/Users/ferna/AppData/Roaming/TinyTeX/texmf-dist/tex/generic/pgf/basiclayer/pgfcorelayers.code.tex
File: pgfcorelayers.code.tex 2023-01-15 v3.1.10 (3.1.10)
) (c:/Users/ferna/AppData/Roaming/TinyTeX/texmf-dist/tex/generic/pgf/basiclayer/pgfcoretransparency.code.tex
File: pgfcoretransparency.code.tex 2023-01-15 v3.1.10 (3.1.10)
) (c:/Users/ferna/AppData/Roaming/TinyTeX/texmf-dist/tex/generic/pgf/basiclayer/pgfcorepatterns.code.tex
File: pgfcorepatterns.code.tex 2023-01-15 v3.1.10 (3.1.10)
) (c:/Users/ferna/AppData/Roaming/TinyTeX/texmf-dist/tex/generic/pgf/basiclayer/pgfcorerdf.code.tex
File: pgfcorerdf.code.tex 2023-01-15 v3.1.10 (3.1.10)
))) (c:/Users/ferna/AppData/Roaming/TinyTeX/texmf-dist/tex/generic/pgf/modules/pgfmoduleshapes.code.tex
File: pgfmoduleshapes.code.tex 2023-01-15 v3.1.10 (3.1.10)
\pgfnodeparttextbox=\box62
) (c:/Users/ferna/AppData/Roaming/TinyTeX/texmf-dist/tex/generic/pgf/modules/pgfmoduleplot.code.tex
File: pgfmoduleplot.code.tex 2023-01-15 v3.1.10 (3.1.10)
) (c:/Users/ferna/AppData/Roaming/TinyTeX/texmf-dist/tex/latex/pgf/compatibility/pgfcomp-version-0-65.sty
Package: pgfcomp-version-0-65 2023-01-15 v3.1.10 (3.1.10)
\pgf@nodesepstart=\dimen257
\pgf@nodesepend=\dimen258
) (c:/Users/ferna/AppData/Roaming/TinyTeX/texmf-dist/tex/latex/pgf/compatibility/pgfcomp-version-1-18.sty
Package: pgfcomp-version-1-18 2023-01-15 v3.1.10 (3.1.10)
)) (c:/Users/ferna/AppData/Roaming/TinyTeX/texmf-dist/tex/latex/pgf/utilities/pgffor.sty (c:/Users/ferna/AppData/Roaming/TinyTeX/texmf-dist/tex/latex/pgf/utilities/pgfkeys.sty (c:/Users/ferna/AppData/Roaming/TinyTeX/texmf-dist/tex/generic/pgf/utilities/pgfkeys.code.tex)) (c:/Users/ferna/AppData/Roaming/TinyTeX/texmf-dist/tex/latex/pgf/math/pgfmath.sty (c:/Users/ferna/AppData/Roaming/TinyTeX/texmf-dist/tex/generic/pgf/math/pgfmath.code.tex)) (c:/Users/ferna/AppData/Roaming/TinyTeX/texmf-dist/tex/generic/pgf/utilities/pgffor.code.tex
Package: pgffor 2023-01-15 v3.1.10 (3.1.10)
\pgffor@iter=\dimen259
\pgffor@skip=\dimen260
\pgffor@stack=\toks40
\pgffor@toks=\toks41
)) (c:/Users/ferna/AppData/Roaming/TinyTeX/texmf-dist/tex/generic/pgf/frontendlayer/tikz/tikz.code.tex
Package: tikz 2023-01-15 v3.1.10 (3.1.10)
(c:/Users/ferna/AppData/Roaming/TinyTeX/texmf-dist/tex/generic/pgf/libraries/pgflibraryplothandlers.code.tex
File: pgflibraryplothandlers.code.tex 2023-01-15 v3.1.10 (3.1.10)
\pgf@plot@mark@count=\count305
\pgfplotmarksize=\dimen261
)
\tikz@lastx=\dimen262
\tikz@lasty=\dimen263
\tikz@lastxsaved=\dimen264
\tikz@lastysaved=\dimen265
\tikz@lastmovetox=\dimen266
\tikz@lastmovetoy=\dimen267
\tikzleveldistance=\dimen268
\tikzsiblingdistance=\dimen269
\tikz@figbox=\box63
\tikz@figbox@bg=\box64
\tikz@tempbox=\box65
\tikz@tempbox@bg=\box66
\tikztreelevel=\count306
\tikznumberofchildren=\count307
\tikznumberofcurrentchild=\count308
\tikz@fig@count=\count309
(c:/Users/ferna/AppData/Roaming/TinyTeX/texmf-dist/tex/generic/pgf/modules/pgfmodulematrix.code.tex
File: pgfmodulematrix.code.tex 2023-01-15 v3.1.10 (3.1.10)
\pgfmatrixcurrentrow=\count310
\pgfmatrixcurrentcolumn=\count311
\pgf@matrix@numberofcolumns=\count312
)
\tikz@expandcount=\count313
(c:/Users/ferna/AppData/Roaming/TinyTeX/texmf-dist/tex/generic/pgf/frontendlayer/tikz/libraries/tikzlibrarytopaths.code.tex
File: tikzlibrarytopaths.code.tex 2023-01-15 v3.1.10 (3.1.10)
))) (c:/Users/ferna/AppData/Roaming/TinyTeX/texmf-dist/tex/latex/booktabs/booktabs.sty
Package: booktabs 2020/01/12 v1.61803398 Publication quality tables
\heavyrulewidth=\dimen270
\lightrulewidth=\dimen271
\cmidrulewidth=\dimen272
\belowrulesep=\dimen273
\belowbottomsep=\dimen274
\aboverulesep=\dimen275
\abovetopsep=\dimen276
\cmidrulesep=\dimen277
\cmidrulekern=\dimen278
\defaultaddspace=\dimen279
\@cmidla=\count314
\@cmidlb=\count315
\@aboverulesep=\dimen280
\@belowrulesep=\dimen281
\@thisruleclass=\count316
\@lastruleclass=\count317
\@thisrulewidth=\dimen282
) (c:/Users/ferna/AppData/Roaming/TinyTeX/texmf-dist/tex/latex/tools/longtable.sty
Package: longtable 2024-10-27 v4.22 Multi-page Table package (DPC)
\LTleft=\skip73
\LTright=\skip74
\LTpre=\skip75
\LTpost=\skip76
\LTchunksize=\count318
\LTcapwidth=\dimen283
\LT@head=\box67
\LT@firsthead=\box68
\LT@foot=\box69
\LT@lastfoot=\box70
\LT@gbox=\box71
\LT@cols=\count319
\LT@rows=\count320
\c@LT@tables=\count321
\c@LT@chunks=\count322
\LT@p@ftn=\toks42
) (c:/Users/ferna/AppData/Roaming/TinyTeX/texmf-dist/tex/latex/tools/array.sty
Package: array 2024/10/17 v2.6g Tabular extension package (FMi)
\col@sep=\dimen284
\ar@mcellbox=\box72
\extrarowheight=\dimen285
\NC@list=\toks43
\extratabsurround=\skip77
\backup@length=\skip78
\ar@cellbox=\box73
) (c:/Users/ferna/AppData/Roaming/TinyTeX/texmf-dist/tex/latex/multirow/multirow.sty
Package: multirow 2024/11/12 v2.9 Span multiple rows of a table
\multirow@colwidth=\skip79
\multirow@cntb=\count323
\multirow@dima=\skip80
\bigstrutjot=\dimen286
) (c:/Users/ferna/AppData/Roaming/TinyTeX/texmf-dist/tex/latex/wrapfig/wrapfig.sty
\wrapoverhang=\dimen287
\WF@size=\dimen288
\c@WF@wrappedlines=\count324
\WF@box=\box74
\WF@everypar=\toks44
Package: wrapfig 2003/01/31  v 3.6
) (c:/Users/ferna/AppData/Roaming/TinyTeX/texmf-dist/tex/latex/colortbl/colortbl.sty
Package: colortbl 2024/07/06 v1.0i Color table columns (DPC)
\everycr=\toks45
\minrowclearance=\skip81
\rownum=\count325
) (c:/Users/ferna/AppData/Roaming/TinyTeX/texmf-dist/tex/latex/pdflscape/pdflscape.sty
Package: pdflscape 2022-10-27 v0.13 Display of landscape pages in PDF
(c:/Users/ferna/AppData/Roaming/TinyTeX/texmf-dist/tex/latex/pdflscape/pdflscape-nometadata.sty
Package: pdflscape-nometadata 2022-10-28 v0.13 Display of landscape pages in PDF (HO)
(c:/Users/ferna/AppData/Roaming/TinyTeX/texmf-dist/tex/latex/graphics/lscape.sty
Package: lscape 2020/05/28 v3.02 Landscape Pages (DPC)
)
Package pdflscape Info: Auto-detected driver: pdftex on input line 81.
)) (c:/Users/ferna/AppData/Roaming/TinyTeX/texmf-dist/tex/latex/tabu/tabu.sty
Package: tabu 2019/01/11 v2.9 - flexible LaTeX tabulars (FC+tabu-fixed)
(c:/Users/ferna/AppData/Roaming/TinyTeX/texmf-dist/tex/latex/varwidth/varwidth.sty
Package: varwidth 2009/03/30 ver 0.92;  Variable-width minipages
\@vwid@box=\box75
\sift@deathcycles=\count326
\@vwid@loff=\dimen289
\@vwid@roff=\dimen290
)
\c@taburow=\count327
\tabu@nbcols=\count328
\tabu@cnt=\count329
\tabu@Xcol=\count330
\tabu@alloc=\count331
\tabu@nested=\count332
\tabu@target=\dimen291
\tabu@spreadtarget=\dimen292
\tabu@naturalX=\dimen293
\tabucolX=\dimen294
\tabu@Xsum=\dimen295
\extrarowdepth=\dimen296
\abovetabulinesep=\dimen297
\belowtabulinesep=\dimen298
\tabustrutrule=\dimen299
\tabu@thebody=\toks46
\tabu@footnotes=\toks47
\tabu@box=\box76
\tabu@arstrutbox=\box77
\tabu@hleads=\box78
\tabu@vleads=\box79
\tabu@cellskip=\skip82
) (c:/Users/ferna/AppData/Roaming/TinyTeX/texmf-dist/tex/latex/threeparttable/threeparttable.sty
Package: threeparttable 2003/06/13  v 3.0
\@tempboxb=\box80
) (c:/Users/ferna/AppData/Roaming/TinyTeX/texmf-dist/tex/latex/threeparttablex/threeparttablex.sty
Package: threeparttablex 2013/07/23 v0.3 by daleif
(c:/Users/ferna/AppData/Roaming/TinyTeX/texmf-dist/tex/latex/environ/environ.sty
Package: environ 2014/05/04 v0.3 A new way to define environments
(c:/Users/ferna/AppData/Roaming/TinyTeX/texmf-dist/tex/latex/trimspaces/trimspaces.sty
Package: trimspaces 2009/09/17 v1.1 Trim spaces around a token list
))
\TPTL@width=\skip83
) (c:/Users/ferna/AppData/Roaming/TinyTeX/texmf-dist/tex/generic/ulem/ulem.sty
\UL@box=\box81
\UL@hyphenbox=\box82
\UL@skip=\skip84
\UL@hook=\toks48
\UL@height=\dimen300
\UL@pe=\count333
\UL@pixel=\dimen301
\ULC@box=\box83
Package: ulem 2019/11/18
\ULdepth=\dimen302
) (c:/Users/ferna/AppData/Roaming/TinyTeX/texmf-dist/tex/latex/makecell/makecell.sty
Package: makecell 2009/08/03 V0.1e Managing of Tab Column Heads and Cells
\rotheadsize=\dimen303
\c@nlinenum=\count334
\TeXr@lab=\toks49
) (c:/Users/ferna/AppData/Roaming/TinyTeX/texmf-dist/tex/latex/bookmark/bookmark.sty
Package: bookmark 2023-12-10 v1.31 PDF bookmarks (HO)
(c:/Users/ferna/AppData/Roaming/TinyTeX/texmf-dist/tex/latex/hyperref/hyperref.sty
Package: hyperref 2024-11-05 v7.01l Hypertext links for LaTeX
(c:/Users/ferna/AppData/Roaming/TinyTeX/texmf-dist/tex/latex/kvsetkeys/kvsetkeys.sty
Package: kvsetkeys 2022-10-05 v1.19 Key value parser (HO)
) (c:/Users/ferna/AppData/Roaming/TinyTeX/texmf-dist/tex/generic/kvdefinekeys/kvdefinekeys.sty
Package: kvdefinekeys 2019-12-19 v1.6 Define keys (HO)
) (c:/Users/ferna/AppData/Roaming/TinyTeX/texmf-dist/tex/generic/pdfescape/pdfescape.sty
Package: pdfescape 2019/12/09 v1.15 Implements pdfTeX's escape features (HO)
(c:/Users/ferna/AppData/Roaming/TinyTeX/texmf-dist/tex/generic/ltxcmds/ltxcmds.sty
Package: ltxcmds 2023-12-04 v1.26 LaTeX kernel commands for general use (HO)
) (c:/Users/ferna/AppData/Roaming/TinyTeX/texmf-dist/tex/generic/pdftexcmds/pdftexcmds.sty
Package: pdftexcmds 2020-06-27 v0.33 Utility functions of pdfTeX for LuaTeX (HO)
(c:/Users/ferna/AppData/Roaming/TinyTeX/texmf-dist/tex/generic/infwarerr/infwarerr.sty
Package: infwarerr 2019/12/03 v1.5 Providing info/warning/error messages (HO)
)
Package pdftexcmds Info: \pdf@primitive is available.
Package pdftexcmds Info: \pdf@ifprimitive is available.
Package pdftexcmds Info: \pdfdraftmode found.
)) (c:/Users/ferna/AppData/Roaming/TinyTeX/texmf-dist/tex/latex/hycolor/hycolor.sty
Package: hycolor 2020-01-27 v1.10 Color options for hyperref/bookmark (HO)
) (c:/Users/ferna/AppData/Roaming/TinyTeX/texmf-dist/tex/latex/hyperref/nameref.sty
Package: nameref 2023-11-26 v2.56 Cross-referencing by name of section
(c:/Users/ferna/AppData/Roaming/TinyTeX/texmf-dist/tex/latex/refcount/refcount.sty
Package: refcount 2019/12/15 v3.6 Data extraction from label references (HO)
) (c:/Users/ferna/AppData/Roaming/TinyTeX/texmf-dist/tex/generic/gettitlestring/gettitlestring.sty
Package: gettitlestring 2019/12/15 v1.6 Cleanup title references (HO)
(c:/Users/ferna/AppData/Roaming/TinyTeX/texmf-dist/tex/latex/kvoptions/kvoptions.sty
Package: kvoptions 2022-06-15 v3.15 Key value format for package options (HO)
))
\c@section@level=\count335
) (c:/Users/ferna/AppData/Roaming/TinyTeX/texmf-dist/tex/latex/etoolbox/etoolbox.sty
Package: etoolbox 2020/10/05 v2.5k e-TeX tools for LaTeX (JAW)
\etb@tempcnta=\count336
) (c:/Users/ferna/AppData/Roaming/TinyTeX/texmf-dist/tex/generic/stringenc/stringenc.sty
Package: stringenc 2019/11/29 v1.12 Convert strings between diff. encodings (HO)
)
\@linkdim=\dimen304
\Hy@linkcounter=\count337
\Hy@pagecounter=\count338
(c:/Users/ferna/AppData/Roaming/TinyTeX/texmf-dist/tex/latex/hyperref/pd1enc.def
File: pd1enc.def 2024-11-05 v7.01l Hyperref: PDFDocEncoding definition (HO)
Now handling font encoding PD1 ...
... no UTF-8 mapping file for font encoding PD1
) (c:/Users/ferna/AppData/Roaming/TinyTeX/texmf-dist/tex/generic/intcalc/intcalc.sty
Package: intcalc 2019/12/15 v1.3 Expandable calculations with integers (HO)
)
\Hy@SavedSpaceFactor=\count339
(c:/Users/ferna/AppData/Roaming/TinyTeX/texmf-dist/tex/latex/hyperref/puenc.def
File: puenc.def 2024-11-05 v7.01l Hyperref: PDF Unicode definition (HO)
Now handling font encoding PU ...
... no UTF-8 mapping file for font encoding PU
)
Package hyperref Info: Option `unicode' set `true' on input line 4040.
Package hyperref Info: Hyper figures OFF on input line 4157.
Package hyperref Info: Link nesting OFF on input line 4162.
Package hyperref Info: Hyper index ON on input line 4165.
Package hyperref Info: Plain pages OFF on input line 4172.
Package hyperref Info: Backreferencing OFF on input line 4177.
Package hyperref Info: Implicit mode ON; LaTeX internals redefined.
Package hyperref Info: Bookmarks ON on input line 4424.
\c@Hy@tempcnt=\count340
(c:/Users/ferna/AppData/Roaming/TinyTeX/texmf-dist/tex/latex/url/url.sty
\Urlmuskip=\muskip18
Package: url 2013/09/16  ver 3.4  Verb mode for urls, etc.
)
LaTeX Info: Redefining \url on input line 4763.
\XeTeXLinkMargin=\dimen305
(c:/Users/ferna/AppData/Roaming/TinyTeX/texmf-dist/tex/generic/bitset/bitset.sty
Package: bitset 2019/12/09 v1.3 Handle bit-vector datatype (HO)
(c:/Users/ferna/AppData/Roaming/TinyTeX/texmf-dist/tex/generic/bigintcalc/bigintcalc.sty
Package: bigintcalc 2019/12/15 v1.5 Expandable calculations on big integers (HO)
))
\Fld@menulength=\count341
\Field@Width=\dimen306
\Fld@charsize=\dimen307
Package hyperref Info: Hyper figures OFF on input line 6042.
Package hyperref Info: Link nesting OFF on input line 6047.
Package hyperref Info: Hyper index ON on input line 6050.
Package hyperref Info: backreferencing OFF on input line 6057.
Package hyperref Info: Link coloring OFF on input line 6062.
Package hyperref Info: Link coloring with OCG OFF on input line 6067.
Package hyperref Info: PDF/A mode OFF on input line 6072.
(c:/Users/ferna/AppData/Roaming/TinyTeX/texmf-dist/tex/latex/base/atbegshi-ltx.sty
Package: atbegshi-ltx 2021/01/10 v1.0c Emulation of the original atbegshi
package with kernel methods
)
\Hy@abspage=\count342
\c@Item=\count343
\c@Hfootnote=\count344
)
Package hyperref Info: Driver (autodetected): hpdftex.
(c:/Users/ferna/AppData/Roaming/TinyTeX/texmf-dist/tex/latex/hyperref/hpdftex.def
File: hpdftex.def 2024-11-05 v7.01l Hyperref driver for pdfTeX
(c:/Users/ferna/AppData/Roaming/TinyTeX/texmf-dist/tex/latex/base/atveryend-ltx.sty
Package: atveryend-ltx 2020/08/19 v1.0a Emulation of the original atveryend package
with kernel methods
)
\Fld@listcount=\count345
\c@bookmark@seq@number=\count346
(c:/Users/ferna/AppData/Roaming/TinyTeX/texmf-dist/tex/latex/rerunfilecheck/rerunfilecheck.sty
Package: rerunfilecheck 2022-07-10 v1.10 Rerun checks for auxiliary files (HO)
(c:/Users/ferna/AppData/Roaming/TinyTeX/texmf-dist/tex/generic/uniquecounter/uniquecounter.sty
Package: uniquecounter 2019/12/15 v1.4 Provide unlimited unique counter (HO)
)
Package uniquecounter Info: New unique counter `rerunfilecheck' on input line 285.
)
\Hy@SectionHShift=\skip85
) (c:/Users/ferna/AppData/Roaming/TinyTeX/texmf-dist/tex/latex/bookmark/bkm-pdftex.def
File: bkm-pdftex.def 2023-12-10 v1.31 bookmark driver for pdfTeX and luaTeX (HO)
\BKM@id=\count347
))
LaTeX Font Info:    Trying to load font information for T1+phv on input line 129.
(c:/Users/ferna/AppData/Roaming/TinyTeX/texmf-dist/tex/latex/psnfss/t1phv.fd
File: t1phv.fd 2020/03/25 scalable font definitions for T1/phv.
) (c:/Users/ferna/AppData/Roaming/TinyTeX/texmf-dist/tex/latex/l3backend/l3backend-pdftex.def
File: l3backend-pdftex.def 2024-05-08 L3 backend support: PDF output (pdfTeX)
\l__color_backend_stack_int=\count348
\l__pdf_internal_box=\box84
) (./Caso-Práctico-311-Protocolo-de-Investigación.aux
LaTeX Info: Redefining \. on input line 12.
LaTeX Info: Redefining \% on input line 12.

LaTeX Warning: Label `tab:recursos' multiply defined.

)
\openout1 = `Caso-Práctico-311-Protocolo-de-Investigación.aux'.

LaTeX Font Info:    Checking defaults for OML/cmm/m/it on input line 129.
LaTeX Font Info:    ... okay on input line 129.
LaTeX Font Info:    Checking defaults for OMS/cmsy/m/n on input line 129.
LaTeX Font Info:    ... okay on input line 129.
LaTeX Font Info:    Checking defaults for OT1/cmr/m/n on input line 129.
LaTeX Font Info:    ... okay on input line 129.
LaTeX Font Info:    Checking defaults for T1/cmr/m/n on input line 129.
LaTeX Font Info:    ... okay on input line 129.
LaTeX Font Info:    Checking defaults for TS1/cmr/m/n on input line 129.
LaTeX Font Info:    ... okay on input line 129.
LaTeX Font Info:    Checking defaults for OMX/cmex/m/n on input line 129.
LaTeX Font Info:    ... okay on input line 129.
LaTeX Font Info:    Checking defaults for U/cmr/m/n on input line 129.
LaTeX Font Info:    ... okay on input line 129.
LaTeX Font Info:    Checking defaults for PD1/pdf/m/n on input line 129.
LaTeX Font Info:    ... okay on input line 129.
LaTeX Font Info:    Checking defaults for PU/pdf/m/n on input line 129.
LaTeX Font Info:    ... okay on input line 129.
(c:/Users/ferna/AppData/Roaming/TinyTeX/texmf-dist/tex/latex/epstopdf-pkg/epstopdf-base.sty
Package: epstopdf-base 2020-01-24 v2.11 Base part for package epstopdf
Package epstopdf-base Info: Redefining graphics rule for `.eps' on input line 485.
(c:/Users/ferna/AppData/Roaming/TinyTeX/texmf-dist/tex/latex/latexconfig/epstopdf-sys.cfg
File: epstopdf-sys.cfg 2010/07/13 v1.3 Configuration of (r)epstopdf for TeX Live
))
*geometry* driver: auto-detecting
*geometry* detected driver: pdftex
*geometry* verbose mode - [ preamble ] result:
* driver: pdftex
* paper: a4paper
* layout: <same size as paper>
* layoutoffset:(h,v)=(0.0pt,0.0pt)
* modes: 
* h-part:(L,W,R)=(72.2698pt, 452.96826pt, 72.2698pt)
* v-part:(T,H,B)=(68.28644pt, 704.4906pt, 72.2698pt)
* \paperwidth=597.50787pt
* \paperheight=845.04684pt
* \textwidth=452.96826pt
* \textheight=704.4906pt
* \oddsidemargin=-0.00018pt
* \evensidemargin=-0.00018pt
* \topmargin=-40.98355pt
* \headheight=12.0pt
* \headsep=25.0pt
* \topskip=10.0pt
* \footskip=30.0pt
* \marginparwidth=65.0pt
* \marginparsep=11.0pt
* \columnsep=10.0pt
* \skip\footins=9.0pt plus 4.0pt minus 2.0pt
* \hoffset=0.0pt
* \voffset=0.0pt
* \mag=1000
* \@twocolumnfalse
* \@twosidefalse
* \@mparswitchfalse
* \@reversemarginfalse
* (1in=72.27pt=25.4mm, 1cm=28.453pt)

LaTeX Info: Redefining \. on input line 129.
LaTeX Info: Redefining \% on input line 129.
Package newfloat Info: `float' package detected.
Package newfloat Info: `wrapfig' package detected.
Package hyperref Info: Link coloring OFF on input line 129.
<fig/protocolo_investigacion.png, id=7, 1059.96pt x 496.10344pt>
File: fig/protocolo_investigacion.png Graphic file (type png)
<use fig/protocolo_investigacion.png>
Package pdftex.def Info: fig/protocolo_investigacion.png  used on input line 158.
(pdftex.def)             Requested size: 452.97588pt x 212.01071pt.


<fig/Logo_Cesuma.png, id=9, 290.832pt x 52.341pt>
File: fig/Logo_Cesuma.png Graphic file (type png)
<use fig/Logo_Cesuma.png>
Package pdftex.def Info: fig/Logo_Cesuma.png  used on input line 168.
(pdftex.def)             Requested size: 199.99976pt x 35.99393pt.

Package fancyhdr Warning: \headheight is too small (28.45274pt): 
(fancyhdr)                Make it at least 39.59396pt, for example:
(fancyhdr)                \setlength{\headheight}{39.59396pt}.
(fancyhdr)                You might also make \topmargin smaller:
(fancyhdr)                \addtolength{\topmargin}{-11.14122pt}.

LaTeX Font Info:    Trying to load font information for T1+lmr on input line 168.
(c:/Users/ferna/AppData/Roaming/TinyTeX/texmf-dist/tex/latex/lm/t1lmr.fd
File: t1lmr.fd 2015/05/01 v1.6.1 Font defs for Latin Modern
) [1{c:/Users/ferna/AppData/Roaming/TinyTeX/texmf-var/fonts/map/pdftex/updmap/pdftex.map}{c:/Users/ferna/AppData/Roaming/TinyTeX/texmf-dist/fonts/enc/dvips/base/8r.enc}

{c:/Users/ferna/AppData/Roaming/TinyTeX/texmf-dist/fonts/enc/dvips/lm/lm-ec.enc} <./fig/Logo_Cesuma.png> <./fig/protocolo_investigacion.png>] (./Caso-Práctico-311-Protocolo-de-Investigación.toc
LaTeX Info: Redefining \. on input line 1.
LaTeX Info: Redefining \% on input line 1.
LaTeX Font Info:    Trying to load font information for OT1+lmr on input line 9.
(c:/Users/ferna/AppData/Roaming/TinyTeX/texmf-dist/tex/latex/lm/ot1lmr.fd
File: ot1lmr.fd 2015/05/01 v1.6.1 Font defs for Latin Modern
)
LaTeX Font Info:    Trying to load font information for OML+lmm on input line 9.
(c:/Users/ferna/AppData/Roaming/TinyTeX/texmf-dist/tex/latex/lm/omllmm.fd
File: omllmm.fd 2015/05/01 v1.6.1 Font defs for Latin Modern
)
LaTeX Font Info:    Trying to load font information for OMS+lmsy on input line 9.
(c:/Users/ferna/AppData/Roaming/TinyTeX/texmf-dist/tex/latex/lm/omslmsy.fd
File: omslmsy.fd 2015/05/01 v1.6.1 Font defs for Latin Modern
)
LaTeX Font Info:    Trying to load font information for OMX+lmex on input line 9.
(c:/Users/ferna/AppData/Roaming/TinyTeX/texmf-dist/tex/latex/lm/omxlmex.fd
File: omxlmex.fd 2015/05/01 v1.6.1 Font defs for Latin Modern
)
LaTeX Font Info:    External font `lmex10' loaded for size
(Font)              <10> on input line 9.
LaTeX Font Info:    External font `lmex10' loaded for size
(Font)              <7> on input line 9.
LaTeX Font Info:    External font `lmex10' loaded for size
(Font)              <5> on input line 9.
LaTeX Font Info:    Trying to load font information for U+msa on input line 9.
(c:/Users/ferna/AppData/Roaming/TinyTeX/texmf-dist/tex/latex/amsfonts/umsa.fd
File: umsa.fd 2013/01/14 v3.01 AMS symbols A
)
LaTeX Font Info:    Trying to load font information for U+msb on input line 9.
(c:/Users/ferna/AppData/Roaming/TinyTeX/texmf-dist/tex/latex/amsfonts/umsb.fd
File: umsb.fd 2013/01/14 v3.01 AMS symbols B
)

File: fig/Logo_Cesuma.png Graphic file (type png)
<use fig/Logo_Cesuma.png>
Package pdftex.def Info: fig/Logo_Cesuma.png  used on input line 27.
(pdftex.def)             Requested size: 199.99976pt x 35.99393pt.

Package fancyhdr Warning: \headheight is too small (28.45274pt): 
(fancyhdr)                Make it at least 39.59396pt, for example:
(fancyhdr)                \setlength{\headheight}{39.59396pt}.
(fancyhdr)                You might also make \topmargin smaller:
(fancyhdr)                \addtolength{\topmargin}{-11.14122pt}.

[2])
\tf@toc=\write4
\openout4 = `Caso-Práctico-311-Protocolo-de-Investigación.toc'.



File: fig/Logo_Cesuma.png Graphic file (type png)
<use fig/Logo_Cesuma.png>
Package pdftex.def Info: fig/Logo_Cesuma.png  used on input line 173.
(pdftex.def)             Requested size: 199.99976pt x 35.99393pt.

Package fancyhdr Warning: \headheight is too small (28.45274pt): 
(fancyhdr)                Make it at least 39.59396pt, for example:
(fancyhdr)                \setlength{\headheight}{39.59396pt}.
(fancyhdr)                You might also make \topmargin smaller:
(fancyhdr)                \addtolength{\topmargin}{-11.14122pt}.

[3]

File: fig/Logo_Cesuma.png Graphic file (type png)
<use fig/Logo_Cesuma.png>
Package pdftex.def Info: fig/Logo_Cesuma.png  used on input line 226.
(pdftex.def)             Requested size: 199.99976pt x 35.99393pt.

Package fancyhdr Warning: \headheight is too small (28.45274pt): 
(fancyhdr)                Make it at least 39.59396pt, for example:
(fancyhdr)                \setlength{\headheight}{39.59396pt}.
(fancyhdr)                You might also make \topmargin smaller:
(fancyhdr)                \addtolength{\topmargin}{-11.14122pt}.

[4]

File: fig/Logo_Cesuma.png Graphic file (type png)
<use fig/Logo_Cesuma.png>
Package pdftex.def Info: fig/Logo_Cesuma.png  used on input line 281.
(pdftex.def)             Requested size: 199.99976pt x 35.99393pt.

Package fancyhdr Warning: \headheight is too small (28.45274pt): 
(fancyhdr)                Make it at least 39.59396pt, for example:
(fancyhdr)                \setlength{\headheight}{39.59396pt}.
(fancyhdr)                You might also make \topmargin smaller:
(fancyhdr)                \addtolength{\topmargin}{-11.14122pt}.

[5]

File: fig/Logo_Cesuma.png Graphic file (type png)
<use fig/Logo_Cesuma.png>
Package pdftex.def Info: fig/Logo_Cesuma.png  used on input line 325.
(pdftex.def)             Requested size: 199.99976pt x 35.99393pt.

Package fancyhdr Warning: \headheight is too small (28.45274pt): 
(fancyhdr)                Make it at least 39.59396pt, for example:
(fancyhdr)                \setlength{\headheight}{39.59396pt}.
(fancyhdr)                You might also make \topmargin smaller:
(fancyhdr)                \addtolength{\topmargin}{-11.14122pt}.

[6]
<fig/dinamicos.png, id=97, 1589.94pt x 674.52pt>
File: fig/dinamicos.png Graphic file (type png)
<use fig/dinamicos.png>
Package pdftex.def Info: fig/dinamicos.png  used on input line 340.
(pdftex.def)             Requested size: 452.96779pt x 192.16815pt.

Underfull \hbox (badness 10000) in paragraph at lines 340--342
[][]
 []



File: fig/Logo_Cesuma.png Graphic file (type png)
<use fig/Logo_Cesuma.png>
Package pdftex.def Info: fig/Logo_Cesuma.png  used on input line 361.
(pdftex.def)             Requested size: 199.99976pt x 35.99393pt.

Package fancyhdr Warning: \headheight is too small (28.45274pt): 
(fancyhdr)                Make it at least 39.59396pt, for example:
(fancyhdr)                \setlength{\headheight}{39.59396pt}.
(fancyhdr)                You might also make \topmargin smaller:
(fancyhdr)                \addtolength{\topmargin}{-11.14122pt}.

[7 <./fig/dinamicos.png (PNG copy)>]
<fig/hipotesis.jpeg, id=104, 1011.78pt x 357.58594pt>
File: fig/hipotesis.jpeg Graphic file (type jpg)
<use fig/hipotesis.jpeg>
Package pdftex.def Info: fig/hipotesis.jpeg  used on input line 373.
(pdftex.def)             Requested size: 452.96558pt x 160.08827pt.

Underfull \hbox (badness 10000) in paragraph at lines 373--375
[][]
 []



File: fig/Logo_Cesuma.png Graphic file (type png)
<use fig/Logo_Cesuma.png>
Package pdftex.def Info: fig/Logo_Cesuma.png  used on input line 412.
(pdftex.def)             Requested size: 199.99976pt x 35.99393pt.

Package fancyhdr Warning: \headheight is too small (28.45274pt): 
(fancyhdr)                Make it at least 39.59396pt, for example:
(fancyhdr)                \setlength{\headheight}{39.59396pt}.
(fancyhdr)                You might also make \topmargin smaller:
(fancyhdr)                \addtolength{\topmargin}{-11.14122pt}.

[8 <./fig/hipotesis.jpeg>]
<fig/Cuantitativo.png, id=110, 1192.455pt x 472.76625pt>
File: fig/Cuantitativo.png Graphic file (type png)
<use fig/Cuantitativo.png>
Package pdftex.def Info: fig/Cuantitativo.png  used on input line 444.
(pdftex.def)             Requested size: 452.95566pt x 179.5809pt.

Underfull \hbox (badness 10000) in paragraph at lines 444--446
[][]
 []



File: fig/Logo_Cesuma.png Graphic file (type png)
<use fig/Logo_Cesuma.png>
Package pdftex.def Info: fig/Logo_Cesuma.png  used on input line 458.
(pdftex.def)             Requested size: 199.99976pt x 35.99393pt.

Package fancyhdr Warning: \headheight is too small (28.45274pt): 
(fancyhdr)                Make it at least 39.59396pt, for example:
(fancyhdr)                \setlength{\headheight}{39.59396pt}.
(fancyhdr)                You might also make \topmargin smaller:
(fancyhdr)                \addtolength{\topmargin}{-11.14122pt}.

[9 <./fig/Cuantitativo.png>]
<fig/analisis.png, id=117, 1192.455pt x 455.45157pt>
File: fig/analisis.png Graphic file (type png)
<use fig/analisis.png>
Package pdftex.def Info: fig/analisis.png  used on input line 475.
(pdftex.def)             Requested size: 452.95566pt x 173.00389pt.

Underfull \hbox (badness 10000) in paragraph at lines 475--477
[][]
 []



File: fig/Logo_Cesuma.png Graphic file (type png)
<use fig/Logo_Cesuma.png>
Package pdftex.def Info: fig/Logo_Cesuma.png  used on input line 503.
(pdftex.def)             Requested size: 199.99976pt x 35.99393pt.

Package fancyhdr Warning: \headheight is too small (28.45274pt): 
(fancyhdr)                Make it at least 39.59396pt, for example:
(fancyhdr)                \setlength{\headheight}{39.59396pt}.
(fancyhdr)                You might also make \topmargin smaller:
(fancyhdr)                \addtolength{\topmargin}{-11.14122pt}.

[10 <./fig/analisis.png>]
<fig/Cualitativo.png, id=124, 1192.455pt x 456.20438pt>
File: fig/Cualitativo.png Graphic file (type png)
<use fig/Cualitativo.png>
Package pdftex.def Info: fig/Cualitativo.png  used on input line 537.
(pdftex.def)             Requested size: 452.95566pt x 173.28984pt.

Underfull \hbox (badness 10000) in paragraph at lines 537--539
[][]
 []



File: fig/Logo_Cesuma.png Graphic file (type png)
<use fig/Logo_Cesuma.png>
Package pdftex.def Info: fig/Logo_Cesuma.png  used on input line 550.
(pdftex.def)             Requested size: 199.99976pt x 35.99393pt.

Package fancyhdr Warning: \headheight is too small (28.45274pt): 
(fancyhdr)                Make it at least 39.59396pt, for example:
(fancyhdr)                \setlength{\headheight}{39.59396pt}.
(fancyhdr)                You might also make \topmargin smaller:
(fancyhdr)                \addtolength{\topmargin}{-11.14122pt}.

[11 <./fig/Cualitativo.png>]
<fig/analisis_sentimientos.png, id=131, 1589.94pt x 674.52pt>
File: fig/analisis_sentimientos.png Graphic file (type png)
<use fig/analisis_sentimientos.png>
Package pdftex.def Info: fig/analisis_sentimientos.png  used on input line 558.
(pdftex.def)             Requested size: 452.96779pt x 192.16815pt.

Underfull \hbox (badness 10000) in paragraph at lines 558--560
[][]
 []



File: fig/Logo_Cesuma.png Graphic file (type png)
<use fig/Logo_Cesuma.png>
Package pdftex.def Info: fig/Logo_Cesuma.png  used on input line 586.
(pdftex.def)             Requested size: 199.99976pt x 35.99393pt.

Package fancyhdr Warning: \headheight is too small (28.45274pt): 
(fancyhdr)                Make it at least 39.59396pt, for example:
(fancyhdr)                \setlength{\headheight}{39.59396pt}.
(fancyhdr)                You might also make \topmargin smaller:
(fancyhdr)                \addtolength{\topmargin}{-11.14122pt}.

[12 <./fig/analisis_sentimientos.png (PNG copy)>]
Overfull \hbox (24.04944pt too wide) in paragraph at lines 601--650
 [][] 
 []



File: fig/Logo_Cesuma.png Graphic file (type png)
<use fig/Logo_Cesuma.png>
Package pdftex.def Info: fig/Logo_Cesuma.png  used on input line 652.
(pdftex.def)             Requested size: 199.99976pt x 35.99393pt.

Package fancyhdr Warning: \headheight is too small (28.45274pt): 
(fancyhdr)                Make it at least 39.59396pt, for example:
(fancyhdr)                \setlength{\headheight}{39.59396pt}.
(fancyhdr)                You might also make \topmargin smaller:
(fancyhdr)                \addtolength{\topmargin}{-11.14122pt}.

[13]
<fig/alcances.png, id=146, 1192.455pt x 361.35pt>
File: fig/alcances.png Graphic file (type png)
<use fig/alcances.png>
Package pdftex.def Info: fig/alcances.png  used on input line 690.
(pdftex.def)             Requested size: 452.95566pt x 137.2593pt.

Underfull \hbox (badness 10000) in paragraph at lines 690--692
[][]
 []



File: fig/Logo_Cesuma.png Graphic file (type png)
<use fig/Logo_Cesuma.png>
Package pdftex.def Info: fig/Logo_Cesuma.png  used on input line 705.
(pdftex.def)             Requested size: 199.99976pt x 35.99393pt.

Package fancyhdr Warning: \headheight is too small (28.45274pt): 
(fancyhdr)                Make it at least 39.59396pt, for example:
(fancyhdr)                \setlength{\headheight}{39.59396pt}.
(fancyhdr)                You might also make \topmargin smaller:
(fancyhdr)                \addtolength{\topmargin}{-11.14122pt}.

[14 <./fig/alcances.png>]
<fig/cronograma.png, id=156, 757.3896pt x 351.2322pt>
File: fig/cronograma.png Graphic file (type png)
<use fig/cronograma.png>
Package pdftex.def Info: fig/cronograma.png  used on input line 708.
(pdftex.def)             Requested size: 452.96956pt x 210.0603pt.


File: fig/Logo_Cesuma.png Graphic file (type png)
<use fig/Logo_Cesuma.png>
Package pdftex.def Info: fig/Logo_Cesuma.png  used on input line 721.
(pdftex.def)             Requested size: 199.99976pt x 35.99393pt.

Package fancyhdr Warning: \headheight is too small (28.45274pt): 
(fancyhdr)                Make it at least 39.59396pt, for example:
(fancyhdr)                \setlength{\headheight}{39.59396pt}.
(fancyhdr)                You might also make \topmargin smaller:
(fancyhdr)                \addtolength{\topmargin}{-11.14122pt}.

[15 <./fig/cronograma.png>]
Overfull \hbox (5.37029pt too wide) in paragraph at lines 738--755
 [][] 
 []



File: fig/Logo_Cesuma.png Graphic file (type png)
<use fig/Logo_Cesuma.png>
Package pdftex.def Info: fig/Logo_Cesuma.png  used on input line 763.
(pdftex.def)             Requested size: 199.99976pt x 35.99393pt.

Package fancyhdr Warning: \headheight is too small (28.45274pt): 
(fancyhdr)                Make it at least 39.59396pt, for example:
(fancyhdr)                \setlength{\headheight}{39.59396pt}.
(fancyhdr)                You might also make \topmargin smaller:
(fancyhdr)                \addtolength{\topmargin}{-11.14122pt}.

[16]
<fig/logo-empresa.png, id=167, 202.356pt x 201.8742pt>
File: fig/logo-empresa.png Graphic file (type png)
<use fig/logo-empresa.png>
Package pdftex.def Info: fig/logo-empresa.png  used on input line 781.
(pdftex.def)             Requested size: 9.99797pt x 9.97417pt.


File: fig/Logo_Cesuma.png Graphic file (type png)
<use fig/Logo_Cesuma.png>
Package pdftex.def Info: fig/Logo_Cesuma.png  used on input line 860.
(pdftex.def)             Requested size: 199.99976pt x 35.99393pt.

Package fancyhdr Warning: \headheight is too small (28.45274pt): 
(fancyhdr)                Make it at least 39.59396pt, for example:
(fancyhdr)                \setlength{\headheight}{39.59396pt}.
(fancyhdr)                You might also make \topmargin smaller:
(fancyhdr)                \addtolength{\topmargin}{-11.14122pt}.

[17 <./fig/logo-empresa.png>]
<fig/firma_electronica.png, id=175, 980.66376pt x 151.56625pt>
File: fig/firma_electronica.png Graphic file (type png)
<use fig/firma_electronica.png>
Package pdftex.def Info: fig/firma_electronica.png  used on input line 914.
(pdftex.def)             Requested size: 194.09421pt x 29.99817pt.


File: fig/Logo_Cesuma.png Graphic file (type png)
<use fig/Logo_Cesuma.png>
Package pdftex.def Info: fig/Logo_Cesuma.png  used on input line 927.
(pdftex.def)             Requested size: 199.99976pt x 35.99393pt.

Package fancyhdr Warning: \headheight is too small (28.45274pt): 
(fancyhdr)                Make it at least 39.59396pt, for example:
(fancyhdr)                \setlength{\headheight}{39.59396pt}.
(fancyhdr)                You might also make \topmargin smaller:
(fancyhdr)                \addtolength{\topmargin}{-11.14122pt}.

[18 <./fig/firma_electronica.png>]
File: fig/logo-empresa.png Graphic file (type png)
<use fig/logo-empresa.png>
Package pdftex.def Info: fig/logo-empresa.png  used on input line 927.
(pdftex.def)             Requested size: 9.99797pt x 9.97417pt.

Overfull \hbox (19.59583pt too wide) in paragraph at lines 964--967
[][] 
 []


Overfull \hbox (19.59583pt too wide) in paragraph at lines 985--988
[][] 
 []


Overfull \hbox (19.59583pt too wide) in paragraph at lines 1007--1010
[][] 
 []


Overfull \hbox (19.59583pt too wide) in paragraph at lines 1029--1032
[][] 
 []


Overfull \hbox (19.59583pt too wide) in paragraph at lines 1051--1054
[][] 
 []



File: fig/Logo_Cesuma.png Graphic file (type png)
<use fig/Logo_Cesuma.png>
Package pdftex.def Info: fig/Logo_Cesuma.png  used on input line 1055.
(pdftex.def)             Requested size: 199.99976pt x 35.99393pt.

Package fancyhdr Warning: \headheight is too small (28.45274pt): 
(fancyhdr)                Make it at least 39.59396pt, for example:
(fancyhdr)                \setlength{\headheight}{39.59396pt}.
(fancyhdr)                You might also make \topmargin smaller:
(fancyhdr)                \addtolength{\topmargin}{-11.14122pt}.

[19]
Overfull \hbox (19.59583pt too wide) in paragraph at lines 1074--1077
[][] 
 []


Overfull \hbox (19.59583pt too wide) in paragraph at lines 1096--1099
[][] 
 []


Overfull \hbox (19.59583pt too wide) in paragraph at lines 1117--1120
[][] 
 []


Overfull \hbox (19.59583pt too wide) in paragraph at lines 1139--1142
[][] 
 []


Overfull \hbox (19.59583pt too wide) in paragraph at lines 1163--1166
[][] 
 []


Overfull \hbox (19.59583pt too wide) in paragraph at lines 1185--1188
[][] 
 []



File: fig/Logo_Cesuma.png Graphic file (type png)
<use fig/Logo_Cesuma.png>
Package pdftex.def Info: fig/Logo_Cesuma.png  used on input line 1207.
(pdftex.def)             Requested size: 199.99976pt x 35.99393pt.

Package fancyhdr Warning: \headheight is too small (28.45274pt): 
(fancyhdr)                Make it at least 39.59396pt, for example:
(fancyhdr)                \setlength{\headheight}{39.59396pt}.
(fancyhdr)                You might also make \topmargin smaller:
(fancyhdr)                \addtolength{\topmargin}{-11.14122pt}.

[20]
Overfull \hbox (19.59583pt too wide) in paragraph at lines 1207--1210
[][] 
 []


Overfull \hbox (19.59583pt too wide) in paragraph at lines 1229--1232
[][] 
 []


Overfull \hbox (2.67581pt too wide) in paragraph at lines 1240--1241
[][] 
 []



File: fig/Logo_Cesuma.png Graphic file (type png)
<use fig/Logo_Cesuma.png>
Package pdftex.def Info: fig/Logo_Cesuma.png  used on input line 1247.
(pdftex.def)             Requested size: 199.99976pt x 35.99393pt.

Package fancyhdr Warning: \headheight is too small (28.45274pt): 
(fancyhdr)                Make it at least 39.59396pt, for example:
(fancyhdr)                \setlength{\headheight}{39.59396pt}.
(fancyhdr)                You might also make \topmargin smaller:
(fancyhdr)                \addtolength{\topmargin}{-11.14122pt}.

[21]
LaTeX Font Info:    Font shape `T1/phv/m/it' in size <10> not available
(Font)              Font shape `T1/phv/m/sl' tried instead on input line 1256.


File: fig/Logo_Cesuma.png Graphic file (type png)
<use fig/Logo_Cesuma.png>
Package pdftex.def Info: fig/Logo_Cesuma.png  used on input line 1350.
(pdftex.def)             Requested size: 199.99976pt x 35.99393pt.

Package fancyhdr Warning: \headheight is too small (28.45274pt): 
(fancyhdr)                Make it at least 39.59396pt, for example:
(fancyhdr)                \setlength{\headheight}{39.59396pt}.
(fancyhdr)                You might also make \topmargin smaller:
(fancyhdr)                \addtolength{\topmargin}{-11.14122pt}.

[22]

File: fig/Logo_Cesuma.png Graphic file (type png)
<use fig/Logo_Cesuma.png>
Package pdftex.def Info: fig/Logo_Cesuma.png  used on input line 1423.
(pdftex.def)             Requested size: 199.99976pt x 35.99393pt.

Package fancyhdr Warning: \headheight is too small (28.45274pt): 
(fancyhdr)                Make it at least 39.59396pt, for example:
(fancyhdr)                \setlength{\headheight}{39.59396pt}.
(fancyhdr)                You might also make \topmargin smaller:
(fancyhdr)                \addtolength{\topmargin}{-11.14122pt}.

[23]

File: fig/Logo_Cesuma.png Graphic file (type png)
<use fig/Logo_Cesuma.png>
Package pdftex.def Info: fig/Logo_Cesuma.png  used on input line 1521.
(pdftex.def)             Requested size: 199.99976pt x 35.99393pt.

Package fancyhdr Warning: \headheight is too small (28.45274pt): 
(fancyhdr)                Make it at least 39.59396pt, for example:
(fancyhdr)                \setlength{\headheight}{39.59396pt}.
(fancyhdr)                You might also make \topmargin smaller:
(fancyhdr)                \addtolength{\topmargin}{-11.14122pt}.

[24]

File: fig/Logo_Cesuma.png Graphic file (type png)
<use fig/Logo_Cesuma.png>
Package pdftex.def Info: fig/Logo_Cesuma.png  used on input line 1595.
(pdftex.def)             Requested size: 199.99976pt x 35.99393pt.

Package fancyhdr Warning: \headheight is too small (28.45274pt): 
(fancyhdr)                Make it at least 39.59396pt, for example:
(fancyhdr)                \setlength{\headheight}{39.59396pt}.
(fancyhdr)                You might also make \topmargin smaller:
(fancyhdr)                \addtolength{\topmargin}{-11.14122pt}.

[25]

File: fig/Logo_Cesuma.png Graphic file (type png)
<use fig/Logo_Cesuma.png>
Package pdftex.def Info: fig/Logo_Cesuma.png  used on input line 1698.
(pdftex.def)             Requested size: 199.99976pt x 35.99393pt.

Package fancyhdr Warning: \headheight is too small (28.45274pt): 
(fancyhdr)                Make it at least 39.59396pt, for example:
(fancyhdr)                \setlength{\headheight}{39.59396pt}.
(fancyhdr)                You might also make \topmargin smaller:
(fancyhdr)                \addtolength{\topmargin}{-11.14122pt}.

[26]
Underfull \hbox (badness 2134) in paragraph at lines 1711--1713
[]\T1/phv/m/n/10 Surez Gar-ca, E. (2024). \T1/phv/m/sl/10 La apli-ca-cin de MA-CHI-NE LEAR-NING en los de-ta-llis-tas on-li-ne
 []



File: fig/Logo_Cesuma.png Graphic file (type png)
<use fig/Logo_Cesuma.png>
Package pdftex.def Info: fig/Logo_Cesuma.png  used on input line 1737.
(pdftex.def)             Requested size: 199.99976pt x 35.99393pt.

Package fancyhdr Warning: \headheight is too small (28.45274pt): 
(fancyhdr)                Make it at least 39.59396pt, for example:
(fancyhdr)                \setlength{\headheight}{39.59396pt}.
(fancyhdr)                You might also make \topmargin smaller:
(fancyhdr)                \addtolength{\topmargin}{-11.14122pt}.

[27] (./Caso-Práctico-311-Protocolo-de-Investigación.aux
LaTeX Info: Redefining \. on input line 12.
LaTeX Info: Redefining \% on input line 12.
)
 ***********
LaTeX2e <2024-11-01> patch level 1
L3 programming layer <2024-12-25>
 ***********

LaTeX Warning: There were multiply-defined labels.

 ) 
Here is how much of TeX's memory you used:
 25163 strings out of 475160
 464329 string characters out of 5763557
 854368 words of memory out of 5000000
 47557 multiletter control sequences out of 15000+600000
 592519 words of font info for 67 fonts, out of 8000000 for 9000
 14 hyphenation exceptions out of 8191
 89i,16n,93p,765b,792s stack positions out of 10000i,1000n,20000p,200000b,200000s
<c:/Users/ferna/AppData/Roaming/TinyTeX/texmf-dist/fonts/type1/public/lm/lmr10.pfb><c:/Users/ferna/AppData/Roaming/TinyTeX/texmf-dist/fonts/type1/urw/helvetic/uhvb8a.pfb><c:/Users/ferna/AppData/Roaming/TinyTeX/texmf-dist/fonts/type1/urw/helvetic/uhvr8a.pfb><c:/Users/ferna/AppData/Roaming/TinyTeX/texmf-dist/fonts/type1/urw/helvetic/uhvro8a.pfb>
Output written on Caso-Práctico-311-Protocolo-de-Investigación.pdf (27 pages, 11111664 bytes).
PDF statistics:
 428 PDF objects out of 1000 (max. 8388607)
 366 compressed objects within 4 object streams
 139 named destinations out of 1000 (max. 500000)
 297 words of extra memory for PDF output out of 10000 (max. 10000000)

